<?xml version="1.0" encoding="UTF-8"?>
<coverage generated="1716451714466" clover="3.2.0">
  <project timestamp="1716451714466" name="All files">
    <metrics statements="63" coveredstatements="50" conditionals="12" coveredconditionals="8" methods="2" coveredmethods="1" elements="77" coveredelements="59" complexity="0" loc="63" ncloc="63" packages="1" files="1" classes="1"/>
    <file name="romanNumeralsToIntergers.ts" path="/workspaces/Building-a-Geometry-Helper/src/romanNumeralsToIntergers.ts">
      <metrics statements="63" coveredstatements="50" conditionals="12" coveredconditionals="8" methods="2" coveredmethods="1"/>
      <line num="2" count="1" type="stmt"/>
      <line num="4" count="11" type="stmt"/>
      <line num="14" count="11" type="stmt"/>
      <line num="15" count="11" type="stmt"/>
      <line num="16" count="11" type="stmt"/>
      <line num="17" count="11" type="stmt"/>
      <line num="18" count="11" type="stmt"/>
      <line num="19" count="11" type="stmt"/>
      <line num="20" count="11" type="stmt"/>
      <line num="22" count="11" type="cond" truecount="1" falsecount="0"/>
      <line num="23" count="10" type="stmt"/>
      <line num="24" count="10" type="stmt"/>
      <line num="25" count="10" type="stmt"/>
      <line num="26" count="10" type="stmt"/>
      <line num="29" count="11" type="cond" truecount="2" falsecount="0"/>
      <line num="30" count="4" type="stmt"/>
      <line num="31" count="4" type="stmt"/>
      <line num="32" count="4" type="stmt"/>
      <line num="33" count="7" type="stmt"/>
      <line num="35" count="4" type="stmt"/>
      <line num="37" count="4" type="stmt"/>
      <line num="38" count="7" type="stmt"/>
      <line num="39" count="7" type="cond" truecount="2" falsecount="0"/>
      <line num="40" count="1" type="stmt"/>
      <line num="41" count="1" type="stmt"/>
      <line num="43" count="6" type="stmt"/>
      <line num="44" count="6" type="stmt"/>
      <line num="48" count="4" type="stmt"/>
      <line num="49" count="4" type="stmt"/>
      <line num="51" count="7" type="stmt"/>
      <line num="52" count="7" type="stmt"/>
      <line num="53" count="7" type="stmt"/>
      <line num="54" count="8" type="stmt"/>
      <line num="56" count="7" type="stmt"/>
      <line num="57" count="7" type="stmt"/>
      <line num="58" count="7" type="stmt"/>
      <line num="60" count="7" type="cond" truecount="1" falsecount="0"/>
      <line num="61" count="6" type="cond" truecount="1" falsecount="1"/>
      <line num="62" count="6" type="stmt"/>
      <line num="64" count="0" type="stmt"/>
      <line num="66" count="6" type="stmt"/>
      <line num="67" count="6" type="stmt"/>
      <line num="70" count="1" type="stmt"/>
      <line num="71" count="1" type="stmt"/>
      <line num="72" count="1" type="cond" truecount="1" falsecount="1"/>
      <line num="73" count="1" type="stmt"/>
      <line num="74" count="1" type="stmt"/>
      <line num="76" count="0" type="stmt"/>
      <line num="77" count="0" type="stmt"/>
      <line num="81" count="1" type="stmt"/>
      <line num="82" count="1" type="stmt"/>
      <line num="85" count="5" type="stmt"/>
      <line num="90" count="1" type="stmt"/>
      <line num="92" count="0" type="stmt"/>
      <line num="102" count="0" type="stmt"/>
      <line num="103" count="0" type="stmt"/>
      <line num="105" count="0" type="stmt"/>
      <line num="106" count="0" type="stmt"/>
      <line num="108" count="0" type="cond" truecount="0" falsecount="2"/>
      <line num="109" count="0" type="stmt"/>
      <line num="111" count="0" type="stmt"/>
      <line num="114" count="0" type="stmt"/>
      <line num="117" count="0" type="stmt"/>
    </file>
  </project>
</coverage>
