{"/workspaces/Building-a-Geometry-Helper/src/romanNumeralsToIntergers.ts": {"path":"/workspaces/Building-a-Geometry-Helper/src/romanNumeralsToIntergers.ts","statementMap":{"0":{"start":{"line":4,"column":42},"end":{"line":12,"column":4}},"1":{"start":{"line":14,"column":21},"end":{"line":14,"column":23}},"2":{"start":{"line":15,"column":27},"end":{"line":15,"column":29}},"3":{"start":{"line":16,"column":22},"end":{"line":16,"column":23}},"4":{"start":{"line":17,"column":43},"end":{"line":17,"column":44}},"5":{"start":{"line":18,"column":45},"end":{"line":18,"column":46}},"6":{"start":{"line":19,"column":25},"end":{"line":19,"column":27}},"7":{"start":{"line":20,"column":26},"end":{"line":20,"column":28}},"8":{"start":{"line":22,"column":2},"end":{"line":27,"column":null}},"9":{"start":{"line":23,"column":3},"end":{"line":23,"column":19}},"10":{"start":{"line":24,"column":3},"end":{"line":24,"column":64}},"11":{"start":{"line":25,"column":3},"end":{"line":25,"column":21}},"12":{"start":{"line":26,"column":3},"end":{"line":26,"column":53}},"13":{"start":{"line":29,"column":2},"end":{"line":83,"column":null}},"14":{"start":{"line":30,"column":3},"end":{"line":30,"column":34}},"15":{"start":{"line":31,"column":13},"end":{"line":31,"column":14}},"16":{"start":{"line":32,"column":3},"end":{"line":34,"column":null}},"17":{"start":{"line":32,"column":16},"end":{"line":32,"column":17}},"18":{"start":{"line":33,"column":4},"end":{"line":33,"column":40}},"19":{"start":{"line":35,"column":3},"end":{"line":35,"column":54}},"20":{"start":{"line":37,"column":3},"end":{"line":47,"column":null}},"21":{"start":{"line":38,"column":4},"end":{"line":46,"column":null}},"22":{"start":{"line":38,"column":19},"end":{"line":38,"column":20}},"23":{"start":{"line":39,"column":5},"end":{"line":45,"column":null}},"24":{"start":{"line":40,"column":6},"end":{"line":40,"column":84}},"25":{"start":{"line":41,"column":6},"end":{"line":41,"column":80}},"26":{"start":{"line":43,"column":6},"end":{"line":43,"column":86}},"27":{"start":{"line":44,"column":6},"end":{"line":44,"column":84}},"28":{"start":{"line":48,"column":3},"end":{"line":48,"column":88}},"29":{"start":{"line":49,"column":3},"end":{"line":49,"column":35}},"30":{"start":{"line":51,"column":3},"end":{"line":51,"column":33}},"31":{"start":{"line":52,"column":13},"end":{"line":52,"column":14}},"32":{"start":{"line":53,"column":3},"end":{"line":55,"column":null}},"33":{"start":{"line":53,"column":16},"end":{"line":53,"column":17}},"34":{"start":{"line":54,"column":4},"end":{"line":54,"column":40}},"35":{"start":{"line":56,"column":3},"end":{"line":56,"column":25}},"36":{"start":{"line":57,"column":3},"end":{"line":57,"column":40}},"37":{"start":{"line":58,"column":3},"end":{"line":58,"column":26}},"38":{"start":{"line":60,"column":3},"end":{"line":68,"column":null}},"39":{"start":{"line":61,"column":4},"end":{"line":65,"column":null}},"40":{"start":{"line":62,"column":5},"end":{"line":62,"column":50}},"41":{"start":{"line":64,"column":5},"end":{"line":64,"column":50}},"42":{"start":{"line":66,"column":4},"end":{"line":66,"column":23}},"43":{"start":{"line":67,"column":4},"end":{"line":67,"column":17}},"44":{"start":{"line":70,"column":3},"end":{"line":80,"column":null}},"45":{"start":{"line":71,"column":4},"end":{"line":79,"column":null}},"46":{"start":{"line":71,"column":19},"end":{"line":71,"column":20}},"47":{"start":{"line":72,"column":5},"end":{"line":78,"column":null}},"48":{"start":{"line":73,"column":6},"end":{"line":73,"column":84}},"49":{"start":{"line":74,"column":6},"end":{"line":74,"column":80}},"50":{"start":{"line":76,"column":6},"end":{"line":76,"column":86}},"51":{"start":{"line":77,"column":6},"end":{"line":77,"column":84}},"52":{"start":{"line":81,"column":3},"end":{"line":81,"column":108}},"53":{"start":{"line":82,"column":3},"end":{"line":82,"column":35}},"54":{"start":{"line":85,"column":2},"end":{"line":85,"column":15}},"55":{"start":{"line":2,"column":0},"end":{"line":2,"column":13}},"56":{"start":{"line":92,"column":44},"end":{"line":100,"column":4}},"57":{"start":{"line":102,"column":22},"end":{"line":102,"column":23}},"58":{"start":{"line":103,"column":26},"end":{"line":103,"column":27}},"59":{"start":{"line":105,"column":2},"end":{"line":115,"column":null}},"60":{"start":{"line":105,"column":15},"end":{"line":105,"column":27}},"61":{"start":{"line":106,"column":24},"end":{"line":106,"column":38}},"62":{"start":{"line":108,"column":3},"end":{"line":112,"column":null}},"63":{"start":{"line":109,"column":4},"end":{"line":109,"column":26}},"64":{"start":{"line":111,"column":4},"end":{"line":111,"column":26}},"65":{"start":{"line":114,"column":3},"end":{"line":114,"column":28}},"66":{"start":{"line":117,"column":2},"end":{"line":117,"column":15}},"67":{"start":{"line":90,"column":0},"end":{"line":90,"column":13}}},"fnMap":{"0":{"name":"(anonymous_0)","decl":{"start":{"line":3,"column":1},"end":{"line":3,"column":11}},"loc":{"start":{"line":3,"column":21},"end":{"line":86,"column":2}}},"1":{"name":"(anonymous_1)","decl":{"start":{"line":91,"column":1},"end":{"line":91,"column":11}},"loc":{"start":{"line":91,"column":21},"end":{"line":118,"column":2}}}},"branchMap":{"0":{"loc":{"start":{"line":22,"column":2},"end":{"line":27,"column":null}},"type":"if","locations":[{"start":{"line":22,"column":2},"end":{"line":27,"column":null}}]},"1":{"loc":{"start":{"line":29,"column":2},"end":{"line":83,"column":null}},"type":"if","locations":[{"start":{"line":29,"column":2},"end":{"line":83,"column":null}},{"start":{"line":50,"column":9},"end":{"line":83,"column":null}}]},"2":{"loc":{"start":{"line":39,"column":5},"end":{"line":45,"column":null}},"type":"if","locations":[{"start":{"line":39,"column":5},"end":{"line":45,"column":null}},{"start":{"line":42,"column":12},"end":{"line":45,"column":null}}]},"3":{"loc":{"start":{"line":60,"column":3},"end":{"line":68,"column":null}},"type":"if","locations":[{"start":{"line":60,"column":3},"end":{"line":68,"column":null}}]},"4":{"loc":{"start":{"line":61,"column":4},"end":{"line":65,"column":null}},"type":"if","locations":[{"start":{"line":61,"column":4},"end":{"line":65,"column":null}},{"start":{"line":63,"column":11},"end":{"line":65,"column":null}}]},"5":{"loc":{"start":{"line":72,"column":5},"end":{"line":78,"column":null}},"type":"if","locations":[{"start":{"line":72,"column":5},"end":{"line":78,"column":null}},{"start":{"line":75,"column":12},"end":{"line":78,"column":null}}]},"6":{"loc":{"start":{"line":108,"column":3},"end":{"line":112,"column":null}},"type":"if","locations":[{"start":{"line":108,"column":3},"end":{"line":112,"column":null}},{"start":{"line":110,"column":10},"end":{"line":112,"column":null}}]}},"s":{"0":11,"1":11,"2":11,"3":11,"4":11,"5":11,"6":11,"7":11,"8":11,"9":10,"10":10,"11":10,"12":10,"13":11,"14":4,"15":4,"16":4,"17":4,"18":7,"19":4,"20":4,"21":7,"22":7,"23":7,"24":1,"25":1,"26":6,"27":6,"28":4,"29":4,"30":7,"31":7,"32":7,"33":7,"34":8,"35":7,"36":7,"37":7,"38":7,"39":6,"40":6,"41":0,"42":6,"43":6,"44":1,"45":1,"46":1,"47":1,"48":1,"49":1,"50":0,"51":0,"52":1,"53":1,"54":5,"55":1,"56":0,"57":0,"58":0,"59":0,"60":0,"61":0,"62":0,"63":0,"64":0,"65":0,"66":0,"67":1},"f":{"0":11,"1":0},"b":{"0":[10],"1":[4,7],"2":[1,6],"3":[6],"4":[6,0],"5":[1,0],"6":[0,0]}}
}
