TN:
SF:src/romanNumeralsToIntergers.ts
FN:3,(anonymous_0)
FN:91,(anonymous_1)
FNF:2
FNH:1
FNDA:11,(anonymous_0)
FNDA:0,(anonymous_1)
DA:2,1
DA:4,11
DA:14,11
DA:15,11
DA:16,11
DA:17,11
DA:18,11
DA:19,11
DA:20,11
DA:22,11
DA:23,10
DA:24,10
DA:25,10
DA:26,10
DA:29,11
DA:30,4
DA:31,4
DA:32,4
DA:33,7
DA:35,4
DA:37,4
DA:38,7
DA:39,7
DA:40,1
DA:41,1
DA:43,6
DA:44,6
DA:48,4
DA:49,4
DA:51,7
DA:52,7
DA:53,7
DA:54,8
DA:56,7
DA:57,7
DA:58,7
DA:60,7
DA:61,6
DA:62,6
DA:64,0
DA:66,6
DA:67,6
DA:70,1
DA:71,1
DA:72,1
DA:73,1
DA:74,1
DA:76,0
DA:77,0
DA:81,1
DA:82,1
DA:85,5
DA:90,1
DA:92,0
DA:102,0
DA:103,0
DA:105,0
DA:106,0
DA:108,0
DA:109,0
DA:111,0
DA:114,0
DA:117,0
LF:63
LH:50
BRDA:22,0,0,10
BRDA:29,1,0,4
BRDA:29,1,1,7
BRDA:39,2,0,1
BRDA:39,2,1,6
BRDA:60,3,0,6
BRDA:61,4,0,6
BRDA:61,4,1,0
BRDA:72,5,0,1
BRDA:72,5,1,0
BRDA:108,6,0,0
BRDA:108,6,1,0
BRF:12
BRH:8
end_of_record
